<?xml version="1.0" encoding="UTF-8"?>
<testsuite name="AcronymTest" tests="7" skipped="0" failures="0" errors="0" timestamp="2016-10-06T20:59:21" hostname="USS-RyEnd" time="0.006">
  <properties/>
  <testcase name="fromPhrasesWithPunctuationAndSentenceCasing" classname="AcronymTest" time="0.002"/>
  <testcase name="fromOtherPhrasesWithPunctuation" classname="AcronymTest" time="0.0"/>
  <testcase name="fromOtherTitleCasedPhrases" classname="AcronymTest" time="0.001"/>
  <testcase name="fromPhrasesWithPunctuation" classname="AcronymTest" time="0.0"/>
  <testcase name="fromTitleCasedPhrases" classname="AcronymTest" time="0.001"/>
  <testcase name="fromPhraseWithSingleLetterWord" classname="AcronymTest" time="0.0"/>
  <testcase name="fromInconsistentlyCasedPhrases" classname="AcronymTest" time="0.0"/>
  <system-out><![CDATA[]]></system-out>
  <system-err><![CDATA[]]></system-err>
</testsuite>
