<?xml version="1.0" encoding="UTF-8"?>
<testsuite name="SchoolTest" tests="7" skipped="0" failures="0" errors="0" timestamp="2016-09-21T16:09:32" hostname="USS-RyEnd" time="0.047">
  <properties/>
  <testcase name="startsWithNoStudents" classname="SchoolTest" time="0.038"/>
  <testcase name="addsMoreStudentsInSameGrade" classname="SchoolTest" time="0.005"/>
  <testcase name="addsStudentsInMultipleGrades" classname="SchoolTest" time="0.0"/>
  <testcase name="getsStudentsInEmptyGrade" classname="SchoolTest" time="0.0"/>
  <testcase name="getsStudentsInAGrade" classname="SchoolTest" time="0.0"/>
  <testcase name="addsStudents" classname="SchoolTest" time="0.0"/>
  <testcase name="sortsSchool" classname="SchoolTest" time="0.001"/>
  <system-out><![CDATA[]]></system-out>
  <system-err><![CDATA[]]></system-err>
</testsuite>
